Arguments: 
  D:\Program Files\nodejs\node.exe C:\Users\xiecy08\AppData\Roaming\npm\node_modules\yarn\bin\yarn.js install

PATH: 
  C:\Python38\Scripts\;C:\Python38\;C:\windows\system32;C:\windows;C:\windows\System32\Wbem;C:\windows\System32\WindowsPowerShell\v1.0\;C:\windows\System32\OpenSSH\;C:\Program Files\Intel\WiFi\bin\;C:\Program Files\Common Files\Intel\WirelessCommon\;C:\Program Files (x86)\Intel\Intel(R) Management Engine Components\DAL;C:\Program Files\Intel\Intel(R) Management Engine Components\DAL;C:\Program Files\Dell\Dell Data Protection\Drivers\TSS\bin\;D:\Program Files\Git\cmd;D:\Program Files\nodejs\;C:\ProgramData\chocolatey\bin;D:\Program Files\Java\jdk-14.0.2\bin;D:\Program Files\Java\jdk-14.0.2\jre\bin;D:\DataMirror\maven\bin;C:\Users\xiecy08\AppData\Local\Microsoft\WindowsApps;C:\Users\xiecy08\AppData\Roaming\npm;D:\Program Files\Microsoft VS Code\bin;C:\Users\xiecy08\AppData\Local\GitHubDesktop\bin;D:\Program Files\AutumnBox\file\Resources\AdbExecutable\;D:\Program Files\latex\miktex\bin;D:\Program Files\miktex\miktex\bin\x64;

Yarn version: 
  1.22.4

Node version: 
  12.18.2

Platform: 
  win32 x64

Trace: 
  Error: https://npm.bu6.io:443/@ant-design%2ficons/-/icons-4.4.0.tgz: ESOCKETTIMEDOUT
      at ClientRequest.<anonymous> (C:\Users\xiecy08\AppData\Roaming\npm\node_modules\yarn\lib\cli.js:141375:19)
      at Object.onceWrapper (events.js:421:28)
      at ClientRequest.emit (events.js:315:20)
      at TLSSocket.emitRequestTimeout (_http_client.js:709:9)
      at Object.onceWrapper (events.js:421:28)
      at TLSSocket.emit (events.js:327:22)
      at TLSSocket.Socket._onTimeout (net.js:481:8)
      at listOnTimeout (internal/timers.js:549:17)
      at processTimers (internal/timers.js:492:7)

npm manifest: 
  {
    "name": "react-peerjs-example",
    "version": "0.0.1",
    "description": "PeerJS example application with React & Redux",
    "main": "index.js",
    "scripts": {
      "start": "cross-env webpack-dev-server",
      "start:ssr": "npm run build:all & cross-env node ./server.js",
      "build": "cross-env NODE_ENV=production webpack",
      "build:ssr": "cross-env NODE_ENV=production TARGET=node webpack",
      "build:all": "npm run build & npm run build:ssr",
      "build:analize": "cross-env NODE_ENV=production BUILD_ANALYZE=true webpack",
      "test": "jest",
      "test:eslint": "./node_modules/.bin/eslint ./"
    },
    "author": "Ramil Zaynetdinov <me@proteye.ru>",
    "license": "MIT",
    "dependencies": {
      "@loadable/component": "^5.12.0",
      "@loadable/server": "^5.12.0",
      "antd": "^4.3.4",
      "axios": "^0.19.2",
      "classnames": "^2.2.6",
      "express": "^4.17.1",
      "http-proxy": "^1.18.1",
      "js-base64": "^2.5.2",
      "lodash.get": "^4.4.2",
      "lodash.set": "^4.3.2",
      "merge-change": "^1.0.5",
      "module-alias": "^2.2.2",
      "moment": "^2.27.0",
      "prop-types": "^15.7.2",
      "qs": "^6.9.4",
      "react": "^16.13.1",
      "react-dom": "^16.13.1",
      "react-helmet": "^6.0.0",
      "react-redux": "^7.2.0",
      "react-router": "^5.2.0",
      "react-router-dom": "^5.2.0",
      "redux": "^4.0.5",
      "redux-devtools-extension": "^2.13.8"
    },
    "devDependencies": {
      "@babel/cli": "^7.10.1",
      "@babel/core": "^7.10.2",
      "@babel/plugin-proposal-class-properties": "^7.10.1",
      "@babel/plugin-proposal-object-rest-spread": "^7.10.1",
      "@babel/plugin-syntax-class-properties": "^7.10.1",
      "@babel/plugin-transform-runtime": "^7.10.1",
      "@babel/preset-env": "^7.10.2",
      "@loadable/babel-plugin": "^5.12.0",
      "@loadable/webpack-plugin": "^5.12.0",
      "babel-eslint": "^10.1.0",
      "babel-loader": "^8.1.0",
      "babel-plugin-import": "^1.13.0",
      "babel-plugin-react-transform": "^3.0.0",
      "copy-webpack-plugin": "^6.0.2",
      "cross-env": "^7.0.2",
      "css-loader": "^3.5.3",
      "eslint": "^7.1.0",
      "eslint-config-prettier": "^6.11.0",
      "eslint-plugin-babel": "^5.3.0",
      "eslint-plugin-prettier": "^3.1.3",
      "eslint-plugin-react": "^7.20.0",
      "extract-text-webpack-plugin": "^4.0.0-beta.0",
      "file-loader": "^6.0.0",
      "html-loader": "^1.1.0",
      "html-webpack-plugin": "^4.3.0",
      "jest": "^26.0.1",
      "less": "^3.11.1",
      "less-loader": "^6.1.0",
      "mini-css-extract-plugin": "^0.9.0",
      "optimize-css-assets-webpack-plugin": "^5.0.3",
      "prettier": "2.0.5",
      "progress-bar-webpack-plugin": "^2.1.0",
      "react-svg-loader": "^3.0.3",
      "react-transform-hmr": "^1.0.4",
      "style-loader": "^1.2.1",
      "terser-webpack-plugin": "^3.0.2",
      "url-loader": "^4.1.0",
      "webpack": "^4.43.0",
      "webpack-bundle-analyzer": "^3.8.0",
      "webpack-cli": "^3.3.11",
      "webpack-dev-server": "^3.11.0",
      "webpack-node-externals": "^1.7.2"
    },
    "_moduleAliases": {
      "@api": "./src/api/",
      "@app": "./src/app/",
      "@components": "./src/components/",
      "@containers": "./src/containers/",
      "@store": "./src/store/",
      "@theme": "./src/theme",
      "@utils": "./src/utils/"
    }
  }

yarn manifest: 
  No manifest

Lockfile: 
  No lockfile
